<?xml version="1.0" encoding="UTF-8"?>
<!-- Generated by org.testng.reporters.JUnitXMLReporter -->
<testsuite hostname="Sudhir-PC" ignored="2" name="ContactsPageTest" tests="5" failures="0" timestamp="28 Oct 2019 12:47:29 GMT" time="176.196" errors="0">
  <testcase name="verifyTitleTest" time="0.28" classname="com.crm.qa.testcases.ContactsPageTest"/>
  <testcase name="verifyCorrectUserTest" time="0.208" classname="com.crm.qa.testcases.ContactsPageTest"/>
  <testcase name="createNewContactTest" time="5.048" classname="com.crm.qa.testcases.ContactsPageTest"/>
  <testcase name="createNewContactTest" time="5.465" classname="com.crm.qa.testcases.ContactsPageTest"/>
  <testcase name="createNewContactTest" time="5.949" classname="com.crm.qa.testcases.ContactsPageTest"/>
  <testcase name="selectMultipleContactsTest" time="0.0" classname="com.crm.qa.testcases.ContactsPageTest">
    <ignored/>
  </testcase> <!-- selectMultipleContactsTest -->
  <testcase name="selectContactByNameTest" time="0.0" classname="com.crm.qa.testcases.ContactsPageTest">
    <ignored/>
  </testcase> <!-- selectContactByNameTest -->
</testsuite> <!-- ContactsPageTest -->
