<?xml version="1.0" encoding="UTF-8"?>
<!-- Generated by org.testng.reporters.JUnitXMLReporter -->
<testsuite hostname="Sudhir-PC" ignored="0" name="HomePageTest" tests="4" failures="0" timestamp="28 Oct 2019 09:41:26 GMT" time="240.156" errors="0">
  <testcase name="verifyCorrectUserLabelTest" time="6.685" classname="com.crm.qa.testcases.HomePageTest"/>
  <testcase name="clickOnContactsLinkTest" time="4.156" classname="com.crm.qa.testcases.HomePageTest"/>
  <testcase name="clickOnDealsLinkTest" time="4.561" classname="com.crm.qa.testcases.HomePageTest"/>
  <testcase name="clickOnTasksLinkTest" time="5.278" classname="com.crm.qa.testcases.HomePageTest"/>
</testsuite> <!-- HomePageTest -->
