<?xml version="1.0" encoding="UTF-8"?>
<!-- Generated by org.testng.reporters.JUnitXMLReporter -->
<testsuite hostname="Sudhir-PC" ignored="0" name="LandingPageTest" tests="3" failures="0" timestamp="28 Oct 2019 09:35:26 GMT" time="126.862" errors="0">
  <testcase name="titleHomeTest" time="0.278" classname="com.crm.qa.testcases.LandingPageTest"/>
  <testcase name="loginBtnTest" time="32.06" classname="com.crm.qa.testcases.LandingPageTest"/>
  <testcase name="signUpBtnTest" time="6.037" classname="com.crm.qa.testcases.LandingPageTest"/>
</testsuite> <!-- LandingPageTest -->
